{"C:\\Users\\TGT\\Desktop\\postgres\\app.js": {"path":"C:\\Users\\TGT\\Desktop\\postgres\\app.js","statementMap":{"0":{"start":{"line":5,"column":0},"end":{"line":5,"column":27}},"1":{"start":{"line":7,"column":12},"end":{"line":7,"column":21}},"2":{"start":{"line":8,"column":0},"end":{"line":8,"column":24}},"3":{"start":{"line":10,"column":0},"end":{"line":17,"column":3}},"4":{"start":{"line":11,"column":1},"end":{"line":16,"column":2}},"5":{"start":{"line":12,"column":16},"end":{"line":12,"column":36}},"6":{"start":{"line":13,"column":2},"end":{"line":13,"column":36}},"7":{"start":{"line":15,"column":2},"end":{"line":15,"column":44}},"8":{"start":{"line":19,"column":0},"end":{"line":34,"column":3}},"9":{"start":{"line":20,"column":1},"end":{"line":33,"column":2}},"10":{"start":{"line":21,"column":43},"end":{"line":21,"column":51}},"11":{"start":{"line":22,"column":15},"end":{"line":26,"column":4}},"12":{"start":{"line":27,"column":2},"end":{"line":27,"column":20}},"13":{"start":{"line":28,"column":2},"end":{"line":30,"column":70}},"14":{"start":{"line":32,"column":2},"end":{"line":32,"column":69}},"15":{"start":{"line":36,"column":0},"end":{"line":57,"column":3}},"16":{"start":{"line":37,"column":1},"end":{"line":56,"column":2}},"17":{"start":{"line":38,"column":16},"end":{"line":38,"column":58}},"18":{"start":{"line":39,"column":2},"end":{"line":41,"column":3}},"19":{"start":{"line":40,"column":3},"end":{"line":40,"column":42}},"20":{"start":{"line":42,"column":2},"end":{"line":44,"column":3}},"21":{"start":{"line":43,"column":3},"end":{"line":43,"column":40}},"22":{"start":{"line":45,"column":2},"end":{"line":47,"column":3}},"23":{"start":{"line":46,"column":3},"end":{"line":46,"column":32}},"24":{"start":{"line":48,"column":2},"end":{"line":48,"column":21}},"25":{"start":{"line":49,"column":2},"end":{"line":53,"column":5}},"26":{"start":{"line":55,"column":2},"end":{"line":55,"column":44}},"27":{"start":{"line":59,"column":0},"end":{"line":68,"column":3}},"28":{"start":{"line":60,"column":1},"end":{"line":67,"column":2}},"29":{"start":{"line":61,"column":15},"end":{"line":61,"column":59}},"30":{"start":{"line":62,"column":2},"end":{"line":64,"column":72}},"31":{"start":{"line":66,"column":2},"end":{"line":66,"column":44}},"32":{"start":{"line":70,"column":28},"end":{"line":70,"column":56}},"33":{"start":{"line":72,"column":13},"end":{"line":72,"column":46}},"34":{"start":{"line":74,"column":18},"end":{"line":82,"column":1}},"35":{"start":{"line":75,"column":1},"end":{"line":75,"column":48}},"36":{"start":{"line":76,"column":1},"end":{"line":81,"column":2}},"37":{"start":{"line":77,"column":2},"end":{"line":77,"column":33}},"38":{"start":{"line":78,"column":2},"end":{"line":78,"column":40}},"39":{"start":{"line":80,"column":2},"end":{"line":80,"column":54}},"40":{"start":{"line":83,"column":0},"end":{"line":83,"column":12}},"41":{"start":{"line":92,"column":0},"end":{"line":100,"column":1}},"42":{"start":{"line":93,"column":1},"end":{"line":97,"column":4}},"43":{"start":{"line":95,"column":2},"end":{"line":95,"column":43}},"44":{"start":{"line":96,"column":2},"end":{"line":96,"column":45}},"45":{"start":{"line":99,"column":1},"end":{"line":99,"column":20}}},"fnMap":{"0":{"name":"(anonymous_0)","decl":{"start":{"line":10,"column":21},"end":{"line":10,"column":22}},"loc":{"start":{"line":10,"column":41},"end":{"line":17,"column":1}},"line":10},"1":{"name":"(anonymous_1)","decl":{"start":{"line":19,"column":20},"end":{"line":19,"column":21}},"loc":{"start":{"line":19,"column":40},"end":{"line":34,"column":1}},"line":19},"2":{"name":"(anonymous_2)","decl":{"start":{"line":36,"column":29},"end":{"line":36,"column":30}},"loc":{"start":{"line":36,"column":49},"end":{"line":57,"column":1}},"line":36},"3":{"name":"(anonymous_3)","decl":{"start":{"line":59,"column":30},"end":{"line":59,"column":31}},"loc":{"start":{"line":59,"column":50},"end":{"line":68,"column":1}},"line":59},"4":{"name":"(anonymous_4)","decl":{"start":{"line":74,"column":18},"end":{"line":74,"column":19}},"loc":{"start":{"line":74,"column":30},"end":{"line":82,"column":1}},"line":74},"5":{"name":"(anonymous_5)","decl":{"start":{"line":93,"column":18},"end":{"line":93,"column":19}},"loc":{"start":{"line":93,"column":24},"end":{"line":97,"column":2}},"line":93}},"branchMap":{"0":{"loc":{"start":{"line":39,"column":2},"end":{"line":41,"column":3}},"type":"if","locations":[{"start":{"line":39,"column":2},"end":{"line":41,"column":3}},{"start":{},"end":{}}],"line":39},"1":{"loc":{"start":{"line":42,"column":2},"end":{"line":44,"column":3}},"type":"if","locations":[{"start":{"line":42,"column":2},"end":{"line":44,"column":3}},{"start":{},"end":{}}],"line":42},"2":{"loc":{"start":{"line":45,"column":2},"end":{"line":47,"column":3}},"type":"if","locations":[{"start":{"line":45,"column":2},"end":{"line":47,"column":3}},{"start":{},"end":{}}],"line":45},"3":{"loc":{"start":{"line":72,"column":13},"end":{"line":72,"column":46}},"type":"binary-expr","locations":[{"start":{"line":72,"column":13},"end":{"line":72,"column":38}},{"start":{"line":72,"column":42},"end":{"line":72,"column":46}}],"line":72}},"s":{"0":1,"1":1,"2":1,"3":1,"4":1,"5":1,"6":1,"7":0,"8":1,"9":1,"10":1,"11":1,"12":1,"13":1,"14":0,"15":1,"16":0,"17":0,"18":0,"19":0,"20":0,"21":0,"22":0,"23":0,"24":0,"25":0,"26":0,"27":1,"28":0,"29":0,"30":0,"31":0,"32":1,"33":1,"34":1,"35":1,"36":1,"37":1,"38":1,"39":0,"40":1,"41":1,"42":1,"43":1,"44":1,"45":0},"f":{"0":1,"1":1,"2":0,"3":0,"4":1,"5":1},"b":{"0":[0,0],"1":[0,0],"2":[0,0],"3":[1,0]},"_coverageSchema":"1a1c01bbd47fc00a2c39e90264f33305004495a9","hash":"d76515b827aa20634ad442d207b71e2614e3b742"}
,"C:\\Users\\TGT\\Desktop\\postgres\\database\\config\\config.js": {"path":"C:\\Users\\TGT\\Desktop\\postgres\\database\\config\\config.js","statementMap":{"0":{"start":{"line":1,"column":0},"end":{"line":1,"column":27}},"1":{"start":{"line":10,"column":4},"end":{"line":10,"column":15}},"2":{"start":{"line":12,"column":0},"end":{"line":43,"column":2}}},"fnMap":{},"branchMap":{},"s":{"0":1,"1":1,"2":1},"f":{},"b":{},"_coverageSchema":"1a1c01bbd47fc00a2c39e90264f33305004495a9","hash":"26e87928a31682e823bdd75954d1ae8b9d94f33d"}
,"C:\\Users\\TGT\\Desktop\\postgres\\database\\models\\index.js": {"path":"C:\\Users\\TGT\\Desktop\\postgres\\database\\models\\index.js","statementMap":{"0":{"start":{"line":3,"column":11},"end":{"line":3,"column":24}},"1":{"start":{"line":4,"column":13},"end":{"line":4,"column":28}},"2":{"start":{"line":5,"column":18},"end":{"line":5,"column":38}},"3":{"start":{"line":6,"column":16},"end":{"line":6,"column":34}},"4":{"start":{"line":7,"column":17},"end":{"line":7,"column":42}},"5":{"start":{"line":8,"column":12},"end":{"line":8,"column":49}},"6":{"start":{"line":9,"column":15},"end":{"line":9,"column":63}},"7":{"start":{"line":10,"column":11},"end":{"line":10,"column":13}},"8":{"start":{"line":24,"column":0},"end":{"line":24,"column":153}},"9":{"start":{"line":26,"column":0},"end":{"line":38,"column":4}},"10":{"start":{"line":28,"column":2},"end":{"line":30,"column":4}},"11":{"start":{"line":33,"column":16},"end":{"line":36,"column":3}},"12":{"start":{"line":37,"column":2},"end":{"line":37,"column":25}},"13":{"start":{"line":40,"column":0},"end":{"line":44,"column":3}},"14":{"start":{"line":41,"column":1},"end":{"line":43,"column":2}},"15":{"start":{"line":42,"column":2},"end":{"line":42,"column":30}},"16":{"start":{"line":46,"column":0},"end":{"line":46,"column":25}},"17":{"start":{"line":47,"column":0},"end":{"line":47,"column":25}},"18":{"start":{"line":49,"column":0},"end":{"line":49,"column":20}}},"fnMap":{"0":{"name":"(anonymous_0)","decl":{"start":{"line":27,"column":9},"end":{"line":27,"column":10}},"loc":{"start":{"line":27,"column":19},"end":{"line":31,"column":2}},"line":27},"1":{"name":"(anonymous_1)","decl":{"start":{"line":32,"column":10},"end":{"line":32,"column":11}},"loc":{"start":{"line":32,"column":20},"end":{"line":38,"column":2}},"line":32},"2":{"name":"(anonymous_2)","decl":{"start":{"line":40,"column":24},"end":{"line":40,"column":25}},"loc":{"start":{"line":40,"column":39},"end":{"line":44,"column":1}},"line":40}},"branchMap":{"0":{"loc":{"start":{"line":8,"column":12},"end":{"line":8,"column":49}},"type":"binary-expr","locations":[{"start":{"line":8,"column":12},"end":{"line":8,"column":32}},{"start":{"line":8,"column":36},"end":{"line":8,"column":49}}],"line":8},"1":{"loc":{"start":{"line":29,"column":3},"end":{"line":29,"column":75}},"type":"binary-expr","locations":[{"start":{"line":29,"column":3},"end":{"line":29,"column":26}},{"start":{"line":29,"column":30},"end":{"line":29,"column":47}},{"start":{"line":29,"column":51},"end":{"line":29,"column":75}}],"line":29},"2":{"loc":{"start":{"line":41,"column":1},"end":{"line":43,"column":2}},"type":"if","locations":[{"start":{"line":41,"column":1},"end":{"line":43,"column":2}},{"start":{},"end":{}}],"line":41}},"s":{"0":1,"1":1,"2":1,"3":1,"4":1,"5":1,"6":1,"7":1,"8":1,"9":1,"10":2,"11":1,"12":1,"13":1,"14":1,"15":1,"16":1,"17":1,"18":1},"f":{"0":2,"1":1,"2":1},"b":{"0":[1,0],"1":[2,2,1],"2":[1,0]},"_coverageSchema":"1a1c01bbd47fc00a2c39e90264f33305004495a9","hash":"b15d4e952114b669280b5b838290c7ad7fbf5293"}
,"C:\\Users\\TGT\\Desktop\\postgres\\database\\models\\user.js": {"path":"C:\\Users\\TGT\\Desktop\\postgres\\database\\models\\user.js","statementMap":{"0":{"start":{"line":2,"column":18},"end":{"line":2,"column":38}},"1":{"start":{"line":3,"column":0},"end":{"line":32,"column":2}},"2":{"start":{"line":14,"column":1},"end":{"line":30,"column":3}},"3":{"start":{"line":31,"column":1},"end":{"line":31,"column":13}}},"fnMap":{"0":{"name":"(anonymous_0)","decl":{"start":{"line":3,"column":17},"end":{"line":3,"column":18}},"loc":{"start":{"line":3,"column":43},"end":{"line":32,"column":1}},"line":3},"1":{"name":"(anonymous_1)","decl":{"start":{"line":10,"column":2},"end":{"line":10,"column":3}},"loc":{"start":{"line":10,"column":27},"end":{"line":12,"column":3}},"line":10}},"branchMap":{},"s":{"0":1,"1":1,"2":1,"3":1},"f":{"0":1,"1":1},"b":{},"_coverageSchema":"1a1c01bbd47fc00a2c39e90264f33305004495a9","hash":"c7e0bad839e831de1b23fb79c40dd9640cdb5f40"}
}
