TN:
SF:app.js
FN:10,(anonymous_0)
FN:19,(anonymous_1)
FN:36,(anonymous_2)
FN:59,(anonymous_3)
FN:74,(anonymous_4)
FN:93,(anonymous_5)
FNF:6
FNH:4
FNDA:1,(anonymous_0)
FNDA:1,(anonymous_1)
FNDA:0,(anonymous_2)
FNDA:0,(anonymous_3)
FNDA:1,(anonymous_4)
FNDA:1,(anonymous_5)
DA:5,1
DA:7,1
DA:8,1
DA:10,1
DA:11,1
DA:12,1
DA:13,1
DA:15,0
DA:19,1
DA:20,1
DA:21,1
DA:22,1
DA:27,1
DA:28,1
DA:32,0
DA:36,1
DA:37,0
DA:38,0
DA:39,0
DA:40,0
DA:42,0
DA:43,0
DA:45,0
DA:46,0
DA:48,0
DA:49,0
DA:55,0
DA:59,1
DA:60,0
DA:61,0
DA:62,0
DA:66,0
DA:70,1
DA:72,1
DA:74,1
DA:75,1
DA:76,1
DA:77,1
DA:78,1
DA:80,0
DA:83,1
DA:92,1
DA:93,1
DA:95,1
DA:96,1
DA:99,0
LF:46
LH:27
BRDA:39,0,0,0
BRDA:39,0,1,0
BRDA:42,1,0,0
BRDA:42,1,1,0
BRDA:45,2,0,0
BRDA:45,2,1,0
BRDA:72,3,0,1
BRDA:72,3,1,0
BRF:8
BRH:1
end_of_record
TN:
SF:database\config\config.js
FNF:0
FNH:0
DA:1,1
DA:10,1
DA:12,1
LF:3
LH:3
BRF:0
BRH:0
end_of_record
TN:
SF:database\models\index.js
FN:27,(anonymous_0)
FN:32,(anonymous_1)
FN:40,(anonymous_2)
FNF:3
FNH:3
FNDA:2,(anonymous_0)
FNDA:1,(anonymous_1)
FNDA:1,(anonymous_2)
DA:3,1
DA:4,1
DA:5,1
DA:6,1
DA:7,1
DA:8,1
DA:9,1
DA:10,1
DA:24,1
DA:26,1
DA:28,2
DA:33,1
DA:37,1
DA:40,1
DA:41,1
DA:42,1
DA:46,1
DA:47,1
DA:49,1
LF:19
LH:19
BRDA:8,0,0,1
BRDA:8,0,1,0
BRDA:29,1,0,2
BRDA:29,1,1,2
BRDA:29,1,2,1
BRDA:41,2,0,1
BRDA:41,2,1,0
BRF:7
BRH:5
end_of_record
TN:
SF:database\models\user.js
FN:3,(anonymous_0)
FN:10,(anonymous_1)
FNF:2
FNH:2
FNDA:1,(anonymous_0)
FNDA:1,(anonymous_1)
DA:2,1
DA:3,1
DA:14,1
DA:31,1
LF:4
LH:4
BRF:0
BRH:0
end_of_record
